  Generate moc_predefs.h
  Uic'ing huffman.ui...
  Uic'ing losertree.ui...
  Uic'ing mainwindow.ui...
  Uic'ing perform_menu.ui...
  Uic'ing selectrp.ui...
  Rcc'ing image.qrc...
  Moc'ing huffman.h...
  Moc'ing losertree.h...
  Moc'ing mainwindow.h...
  Moc'ing perform_menu.h...
  Moc'ing selectrp.h...
  huffman.cpp
  losertree.cpp
  main.cpp
  mainwindow.cpp
  perform_menu.cpp
  selectrp.cpp
F:\main\project\my_test\ExternSort\mainwindow.cpp(75,18): warning C4018: “<”: 有符号/无符号不匹配
F:\main\project\my_test\ExternSort\mainwindow.cpp(77,22): warning C4018: “<”: 有符号/无符号不匹配
F:\main\project\my_test\ExternSort\mainwindow.cpp(183,19): warning C4018: “<”: 有符号/无符号不匹配
F:\main\project\my_test\ExternSort\mainwindow.cpp(196,23): warning C4018: “<”: 有符号/无符号不匹配
F:\main\project\my_test\ExternSort\mainwindow.cpp(203,34): warning C4100: “kk”: 未引用的形参
F:\main\project\my_test\ExternSort\mainwindow.cpp(220,18): warning C4018: “<”: 有符号/无符号不匹配
F:\main\project\my_test\ExternSort\mainwindow.cpp(232,18): warning C4018: “<”: 有符号/无符号不匹配
  qrc_image.cpp
  moc_huffman.cpp
  moc_losertree.cpp
  moc_mainwindow.cpp
  moc_perform_menu.cpp
  moc_selectrp.cpp
  ExternSort.vcxproj -> F:\main\project\my_test\ExternSort\debug\ExternSort.exe
